2022-12-29 12:59:14 ERROR Traceback (most recent call last):
  File "C:\Users\hokarami\Anaconda3\envs\paper2022\lib\site-packages\wandb\apis\normalize.py", line 26, in wrapper
    return func(*args, **kwargs)
  File "C:\Users\hokarami\Anaconda3\envs\paper2022\lib\site-packages\wandb\sdk\internal\internal_api.py", line 703, in sweep
    raise ValueError(f"Sweep {entity}/{project}/{sweep} not found")
ValueError: Sweep hokarami/test-project/rdf7wp28~ not found

During handling of the above exception, another exception occurred:

Traceback (most recent call last):
  File "C:\Users\hokarami\Anaconda3\envs\paper2022\lib\site-packages\wandb\cli\cli.py", line 97, in wrapper
    return func(*args, **kwargs)
  File "C:\Users\hokarami\Anaconda3\envs\paper2022\lib\site-packages\wandb\cli\cli.py", line 1338, in agent
    wandb_agent.agent(sweep_id, entity=entity, project=project, count=count)
  File "C:\Users\hokarami\Anaconda3\envs\paper2022\lib\site-packages\wandb\wandb_agent.py", line 640, in agent
    return run_agent(
  File "C:\Users\hokarami\Anaconda3\envs\paper2022\lib\site-packages\wandb\wandb_agent.py", line 583, in run_agent
    agent.run()
  File "C:\Users\hokarami\Anaconda3\envs\paper2022\lib\site-packages\wandb\wandb_agent.py", line 188, in run
    sweep_obj = self._api.sweep(self._sweep_id, "{}")
  File "C:\Users\hokarami\Anaconda3\envs\paper2022\lib\site-packages\wandb\apis\internal.py", line 99, in sweep
    return self.api.sweep(*args, **kwargs)
  File "C:\Users\hokarami\Anaconda3\envs\paper2022\lib\site-packages\wandb\apis\normalize.py", line 62, in wrapper
    raise CommError(message, err).with_traceback(sys.exc_info()[2])
  File "C:\Users\hokarami\Anaconda3\envs\paper2022\lib\site-packages\wandb\apis\normalize.py", line 26, in wrapper
    return func(*args, **kwargs)
  File "C:\Users\hokarami\Anaconda3\envs\paper2022\lib\site-packages\wandb\sdk\internal\internal_api.py", line 703, in sweep
    raise ValueError(f"Sweep {entity}/{project}/{sweep} not found")
wandb.errors.CommError: Sweep hokarami/test-project/rdf7wp28~ not found

2022-12-29 12:59:25 INFO Running runs: []
2022-12-29 12:59:25 INFO Agent received command: run
2022-12-29 12:59:25 INFO Agent starting run with config:
	te_d_inner_hid: 27
2022-12-29 12:59:25 INFO About to run command: python train.py --te_d_inner_hid=27
2022-12-29 12:59:30 INFO Running runs: ['sodligf5']
2022-12-29 12:59:30 INFO Cleaning up finished run: sodligf5
2022-12-29 12:59:37 INFO Agent received command: run
2022-12-29 12:59:37 INFO Agent starting run with config:
	te_d_inner_hid: 8
2022-12-29 12:59:37 INFO About to run command: python train.py --te_d_inner_hid=8
2022-12-29 12:59:42 INFO Running runs: ['rm4bk1ot']
2022-12-29 12:59:42 INFO Cleaning up finished run: rm4bk1ot
2022-12-29 13:02:17 INFO Running runs: []
2022-12-29 13:02:17 INFO Agent received command: run
2022-12-29 13:02:17 INFO Agent starting run with config:
	lr: 0.002964203654350059
2022-12-29 13:02:17 INFO About to run command: python Main.py --lr=0.002964203654350059
2022-12-29 13:02:22 INFO Running runs: ['7nq6koqn']
2022-12-29 13:02:27 INFO Cleaning up finished run: 7nq6koqn
2022-12-29 13:02:28 INFO Agent received command: run
2022-12-29 13:02:28 INFO Agent starting run with config:
	lr: 0.002499175564703748
2022-12-29 13:02:28 INFO About to run command: python Main.py --lr=0.002499175564703748
2022-12-29 13:02:33 INFO Running runs: ['nhhi5zgd']
2022-12-29 13:02:33 INFO Cleaning up finished run: nhhi5zgd
2022-12-29 13:02:33 INFO Agent received command: run
2022-12-29 13:02:33 INFO Agent starting run with config:
	lr: 0.004698610951036398
2022-12-29 13:02:33 INFO About to run command: python Main.py --lr=0.004698610951036398
2022-12-29 13:02:38 INFO Running runs: ['1ldgkl6z']
2022-12-29 13:02:38 ERROR Detected 3 failed runs in the first 60 seconds, shutting down.
2022-12-29 13:02:38 INFO To disable this check set WANDB_AGENT_DISABLE_FLAPPING=true
2023-01-02 18:59:58 ERROR dropped chunk 404 Client Error: Not Found for url: https://api.wandb.ai/files/hokarami/TEDAM3/25uk05u3/file_stream
NoneType: None
2023-01-02 18:59:58 ERROR dropped chunk 404 Client Error: Not Found for url: https://api.wandb.ai/files/hokarami/TEDAM3/1wq85bkd/file_stream
NoneType: None
2023-01-02 18:59:58 ERROR dropped chunk 404 Client Error: Not Found for url: https://api.wandb.ai/files/hokarami/TEDAM3/25uk05u3/file_stream
NoneType: None
2023-01-02 18:59:58 ERROR dropped chunk 404 Client Error: Not Found for url: https://api.wandb.ai/files/hokarami/TEDAM3/1wq85bkd/file_stream
NoneType: None
2023-01-02 19:00:00 ERROR dropped chunk 404 Client Error: Not Found for url: https://api.wandb.ai/files/hokarami/TEDAM3/25uk05u3/file_stream
NoneType: None
2023-01-02 19:00:00 ERROR dropped chunk 404 Client Error: Not Found for url: https://api.wandb.ai/files/hokarami/TEDAM3/1wq85bkd/file_stream
NoneType: None
2023-01-02 19:00:00 ERROR dropped chunk 404 Client Error: Not Found for url: https://api.wandb.ai/files/hokarami/TEDAM3/25uk05u3/file_stream
NoneType: None
2023-01-02 19:00:00 ERROR dropped chunk 404 Client Error: Not Found for url: https://api.wandb.ai/files/hokarami/TEDAM3/1wq85bkd/file_stream
NoneType: None
2023-01-02 19:00:02 ERROR dropped chunk 404 Client Error: Not Found for url: https://api.wandb.ai/files/hokarami/TEDAM3/25uk05u3/file_stream
NoneType: None
2023-01-02 19:00:02 ERROR dropped chunk 404 Client Error: Not Found for url: https://api.wandb.ai/files/hokarami/TEDAM3/1wq85bkd/file_stream
NoneType: None
2023-01-02 19:00:04 ERROR dropped chunk 404 Client Error: Not Found for url: https://api.wandb.ai/files/hokarami/TEDAM3/25uk05u3/file_stream
NoneType: None
2023-01-03 21:47:52 ERROR dropped chunk 404 Client Error: Not Found for url: https://api.wandb.ai/files/hokarami/TEDAM3/1l7tm8gp/file_stream
NoneType: None
2023-01-03 21:47:52 ERROR dropped chunk 404 Client Error: Not Found for url: https://api.wandb.ai/files/hokarami/TEDAM3/1l7tm8gp/file_stream
NoneType: None
2023-01-03 21:47:57 ERROR dropped chunk 404 Client Error: Not Found for url: https://api.wandb.ai/files/hokarami/TEDAM3/1g27od3x/file_stream
NoneType: None
2023-01-03 21:47:58 ERROR dropped chunk 404 Client Error: Not Found for url: https://api.wandb.ai/files/hokarami/TEDAM3/1g27od3x/file_stream
NoneType: None
2023-01-03 21:48:02 ERROR dropped chunk 404 Client Error: Not Found for url: https://api.wandb.ai/files/hokarami/TEDAM3/mka1yfv3/file_stream
NoneType: None
2023-01-03 21:48:02 ERROR dropped chunk 404 Client Error: Not Found for url: https://api.wandb.ai/files/hokarami/TEDAM3/mka1yfv3/file_stream
NoneType: None
2023-01-03 21:48:22 ERROR dropped chunk 404 Client Error: Not Found for url: https://api.wandb.ai/files/hokarami/TEDAM3/1l7tm8gp/file_stream
NoneType: None
2023-01-03 21:48:22 ERROR dropped chunk 404 Client Error: Not Found for url: https://api.wandb.ai/files/hokarami/TEDAM3/1l7tm8gp/file_stream
NoneType: None
2023-01-03 21:48:28 ERROR dropped chunk 404 Client Error: Not Found for url: https://api.wandb.ai/files/hokarami/TEDAM3/1g27od3x/file_stream
NoneType: None
2023-01-03 21:48:28 ERROR dropped chunk 404 Client Error: Not Found for url: https://api.wandb.ai/files/hokarami/TEDAM3/1g27od3x/file_stream
NoneType: None
2023-01-03 21:48:32 ERROR dropped chunk 404 Client Error: Not Found for url: https://api.wandb.ai/files/hokarami/TEDAM3/mka1yfv3/file_stream
NoneType: None
2023-01-03 21:48:32 ERROR dropped chunk 404 Client Error: Not Found for url: https://api.wandb.ai/files/hokarami/TEDAM3/mka1yfv3/file_stream
NoneType: None
2023-01-03 21:48:52 ERROR dropped chunk 404 Client Error: Not Found for url: https://api.wandb.ai/files/hokarami/TEDAM3/1l7tm8gp/file_stream
NoneType: None
2023-01-03 21:48:53 ERROR dropped chunk 404 Client Error: Not Found for url: https://api.wandb.ai/files/hokarami/TEDAM3/1l7tm8gp/file_stream
NoneType: None
2023-01-13 12:20:33 ERROR dropped chunk 404 Client Error: Not Found for url: https://api.wandb.ai/files/hokarami/TEDAM3/1bvnq6pb/file_stream
NoneType: None
2023-01-13 12:21:03 ERROR dropped chunk 404 Client Error: Not Found for url: https://api.wandb.ai/files/hokarami/TEDAM3/1bvnq6pb/file_stream
NoneType: None
2023-01-13 12:21:33 ERROR dropped chunk 404 Client Error: Not Found for url: https://api.wandb.ai/files/hokarami/TEDAM3/1bvnq6pb/file_stream
NoneType: None
2023-01-13 12:22:04 ERROR dropped chunk 404 Client Error: Not Found for url: https://api.wandb.ai/files/hokarami/TEDAM3/1bvnq6pb/file_stream
NoneType: None
2023-01-13 12:22:33 ERROR dropped chunk 404 Client Error: Not Found for url: https://api.wandb.ai/files/hokarami/TEDAM3/1bvnq6pb/file_stream
NoneType: None
2023-01-13 12:23:03 ERROR dropped chunk 404 Client Error: Not Found for url: https://api.wandb.ai/files/hokarami/TEDAM3/1bvnq6pb/file_stream
NoneType: None
2023-01-13 12:23:33 ERROR dropped chunk 404 Client Error: Not Found for url: https://api.wandb.ai/files/hokarami/TEDAM3/1bvnq6pb/file_stream
NoneType: None
2023-01-13 12:24:03 ERROR dropped chunk 404 Client Error: Not Found for url: https://api.wandb.ai/files/hokarami/TEDAM3/1bvnq6pb/file_stream
NoneType: None
2023-01-13 12:24:34 ERROR dropped chunk 404 Client Error: Not Found for url: https://api.wandb.ai/files/hokarami/TEDAM3/1bvnq6pb/file_stream
NoneType: None
2023-01-13 12:25:03 ERROR dropped chunk 404 Client Error: Not Found for url: https://api.wandb.ai/files/hokarami/TEDAM3/1bvnq6pb/file_stream
NoneType: None
2023-01-13 12:25:33 ERROR dropped chunk 404 Client Error: Not Found for url: https://api.wandb.ai/files/hokarami/TEDAM3/1bvnq6pb/file_stream
NoneType: None
2023-01-13 12:26:03 ERROR dropped chunk 404 Client Error: Not Found for url: https://api.wandb.ai/files/hokarami/TEDAM3/1bvnq6pb/file_stream
NoneType: None
2023-01-13 12:26:33 ERROR dropped chunk 404 Client Error: Not Found for url: https://api.wandb.ai/files/hokarami/TEDAM3/1bvnq6pb/file_stream
NoneType: None
2023-01-13 12:27:03 ERROR dropped chunk 404 Client Error: Not Found for url: https://api.wandb.ai/files/hokarami/TEDAM3/1bvnq6pb/file_stream
NoneType: None
2023-01-13 12:27:33 ERROR dropped chunk 404 Client Error: Not Found for url: https://api.wandb.ai/files/hokarami/TEDAM3/1bvnq6pb/file_stream
NoneType: None
2023-01-13 12:28:03 ERROR dropped chunk 404 Client Error: Not Found for url: https://api.wandb.ai/files/hokarami/TEDAM3/1bvnq6pb/file_stream
NoneType: None
2023-01-13 12:28:33 ERROR dropped chunk 404 Client Error: Not Found for url: https://api.wandb.ai/files/hokarami/TEDAM3/1bvnq6pb/file_stream
NoneType: None
2023-01-13 12:29:03 ERROR dropped chunk 404 Client Error: Not Found for url: https://api.wandb.ai/files/hokarami/TEDAM3/1bvnq6pb/file_stream
NoneType: None
2023-01-13 12:29:33 ERROR dropped chunk 404 Client Error: Not Found for url: https://api.wandb.ai/files/hokarami/TEDAM3/1bvnq6pb/file_stream
NoneType: None
2023-01-13 12:30:03 ERROR dropped chunk 404 Client Error: Not Found for url: https://api.wandb.ai/files/hokarami/TEDAM3/1bvnq6pb/file_stream
NoneType: None
2023-01-13 12:30:33 ERROR dropped chunk 404 Client Error: Not Found for url: https://api.wandb.ai/files/hokarami/TEDAM3/1bvnq6pb/file_stream
NoneType: None
2023-01-13 12:31:03 ERROR dropped chunk 404 Client Error: Not Found for url: https://api.wandb.ai/files/hokarami/TEDAM3/1bvnq6pb/file_stream
NoneType: None
2023-01-13 12:31:33 ERROR dropped chunk 404 Client Error: Not Found for url: https://api.wandb.ai/files/hokarami/TEDAM3/1bvnq6pb/file_stream
NoneType: None
2023-01-13 12:32:03 ERROR dropped chunk 404 Client Error: Not Found for url: https://api.wandb.ai/files/hokarami/TEDAM3/1bvnq6pb/file_stream
NoneType: None
